<?xml version="1.0" encoding="UTF-8"?>
<testng-results ignored="0" total="1" passed="1" failed="0" skipped="0">
  <reporter-output>
  </reporter-output>
  <suite started-at="2022-11-04T20:56:34 IST" name="Default suite" finished-at="2022-11-04T20:57:03 IST" duration-ms="28697">
    <groups>
    </groups>
    <test started-at="2022-11-04T20:56:34 IST" name="Default test" finished-at="2022-11-04T20:57:03 IST" duration-ms="28697">
      <class name="sdet.test.LoginPageTest">
        <test-method is-config="true" signature="setup()[pri:0, instance:sdet.test.LoginPageTest@1af2d44a]" started-at="2022-11-04T20:56:34 IST" name="setup" finished-at="2022-11-04T20:56:52 IST" duration-ms="18117" status="PASS">
          <reporter-output>
          </reporter-output>
        </test-method> <!-- setup -->
        <test-method signature="ValidateLogin()[pri:0, instance:sdet.test.LoginPageTest@1af2d44a]" started-at="2022-11-04T20:56:52 IST" name="ValidateLogin" finished-at="2022-11-04T20:57:02 IST" duration-ms="9844" status="PASS">
          <reporter-output>
          </reporter-output>
        </test-method> <!-- ValidateLogin -->
        <test-method is-config="true" signature="closeResources()[pri:0, instance:sdet.test.LoginPageTest@1af2d44a]" started-at="2022-11-04T20:57:02 IST" name="closeResources" finished-at="2022-11-04T20:57:03 IST" duration-ms="641" status="PASS">
          <reporter-output>
          </reporter-output>
        </test-method> <!-- closeResources -->
      </class> <!-- sdet.test.LoginPageTest -->
    </test> <!-- Default test -->
  </suite> <!-- Default suite -->
</testng-results>
